Using pre-set license
Built from '2020.3/staging' branch; Version is '2020.3.9f1 (108be757e447) revision 1084391'; Using compiler version '192528614'; Build Type 'Release'
OS: 'Windows 10 Pro; OS build 19042.928; Version 2009; 64bit' Language: 'ru' Physical Memory: 16322 MB
BatchMode: 1, IsHumanControllingUs: 0, StartBugReporterOnCrash: 0, Is64bit: 1, IsPro: 0

 COMMAND LINE ARGUMENTS:
C:\Program Files\Unity\Hub\Editor\2020.3.9f1\Editor\Unity.exe
-adb2
-batchMode
-noUpm
-name
AssetImportWorker0
-projectPath
C:/Users/solla/OneDrive/Рабочий стол/New Unity Project
-logFile
Logs/AssetImportWorker0.log
-srvPort
16574
Successfully changed project path to: C:/Users/solla/OneDrive/Рабочий стол/New Unity Project
C:/Users/solla/OneDrive/Рабочий стол/New Unity Project
Using Asset Import Pipeline V2.
Refreshing native plugins compatible for Editor in 39.02 ms, found 1 plugins.
Preloading 0 native plugins for Editor in 0.00 ms.
Initialize engine version: 2020.3.9f1 (108be757e447)
[Subsystems] Discovering subsystems at path C:/Program Files/Unity/Hub/Editor/2020.3.9f1/Editor/Data/Resources/UnitySubsystems
[Subsystems] Discovering subsystems at path C:/Users/solla/OneDrive/Рабочий стол/New Unity Project/Assets
GfxDevice: creating device client; threaded=0
Direct3D:
    Version:  Direct3D 11.0 [level 11.1]
    Renderer: NVIDIA GeForce GTX 1050 (ID=0x1c81)
    Vendor:   
    VRAM:     1977 MB
    Driver:   27.21.14.6663
Initialize mono
Mono path[0] = 'C:/Program Files/Unity/Hub/Editor/2020.3.9f1/Editor/Data/Managed'
Mono path[1] = 'C:/Program Files/Unity/Hub/Editor/2020.3.9f1/Editor/Data/MonoBleedingEdge/lib/mono/unityjit'
Mono config path = 'C:/Program Files/Unity/Hub/Editor/2020.3.9f1/Editor/Data/MonoBleedingEdge/etc'
Using monoOptions --debugger-agent=transport=dt_socket,embedding=1,server=y,suspend=n,address=127.0.0.1:56028
Begin MonoManager ReloadAssembly
Registering precompiled unity dll's ...
Register platform support module: C:/Program Files/Unity/Hub/Editor/2020.3.9f1/Editor/Data/PlaybackEngines/WindowsStandaloneSupport/UnityEditor.WindowsStandalone.Extensions.dll
Registered in 0.001929 seconds.
Native extension for WindowsStandalone target not found
Refreshing native plugins compatible for Editor in 38.00 ms, found 1 plugins.
Preloading 0 native plugins for Editor in 0.00 ms.
Mono: successfully reloaded assembly
- Completed reload, in  1.890 seconds
Platform modules already initialized, skipping
Registering precompiled user dll's ...
Registered in 0.000992 seconds.
Begin MonoManager ReloadAssembly
Native extension for WindowsStandalone target not found
Refreshing native plugins compatible for Editor in 35.38 ms, found 1 plugins.
Preloading 0 native plugins for Editor in 0.00 ms.
Mono: successfully reloaded assembly
- Completed reload, in  0.944 seconds
Platform modules already initialized, skipping
========================================================================
Worker process is ready to serve import requests
Launched and connected shader compiler UnityShaderCompiler.exe after 0.05 seconds
Refreshing native plugins compatible for Editor in 0.45 ms, found 1 plugins.
Preloading 0 native plugins for Editor in 0.00 ms.
Unloading 1814 Unused Serialized files (Serialized files now loaded: 0)
System memory in use before: 85.3 MB.
System memory in use after: 85.2 MB.

Unloading 24 unused Assets to reduce memory usage. Loaded Objects now: 2258.
Total: 2.066800 ms (FindLiveObjects: 0.196000 ms CreateObjectMapping: 0.077300 ms MarkObjects: 1.667800 ms  DeleteObjects: 0.124400 ms)

========================================================================
Received Import Request.
  path: ProjectSettings/TagManager.asset
  artifactKey: Guid(00000000000000003000000000000000) Importer(815301076,1909f56bfc062723c751e8b465ee728b)
Start importing ProjectSettings/TagManager.asset using Guid(00000000000000003000000000000000) Importer(815301076,1909f56bfc062723c751e8b465ee728b)  -> (artifact id: '95df672b4aaba54310d34c83eef51bb8') in 0.049667 seconds
  Import took 0.052590 seconds .

========================================================================
Received Prepare
Refreshing native plugins compatible for Editor in 2.62 ms, found 1 plugins.
Preloading 0 native plugins for Editor in 0.00 ms.
Unloading 10 Unused Serialized files (Serialized files now loaded: 0)
System memory in use before: 49.5 MB.
System memory in use after: 49.5 MB.

Unloading 11 unused Assets to reduce memory usage. Loaded Objects now: 2258.
Total: 2.690300 ms (FindLiveObjects: 0.277400 ms CreateObjectMapping: 0.079200 ms MarkObjects: 2.217700 ms  DeleteObjects: 0.114800 ms)

========================================================================
Received Import Request.
  Time since last request: 100.211426 seconds.
  path: Assets/Prefabs
  artifactKey: Guid(2b3fdf252ac15d646a4ab7068534227b) Importer(815301076,1909f56bfc062723c751e8b465ee728b)
Start importing Assets/Prefabs using Guid(2b3fdf252ac15d646a4ab7068534227b) Importer(815301076,1909f56bfc062723c751e8b465ee728b)  -> (artifact id: '97f4b1e2f6550c89a742e556c90df76f') in 0.005201 seconds
  Import took 0.011093 seconds .

========================================================================
Received Import Request.
  Time since last request: 0.032414 seconds.
  path: Assets/Prefabs/coin.prefab
  artifactKey: Guid(a1aaa77bd3aeab54182578045dfdba54) Importer(815301076,1909f56bfc062723c751e8b465ee728b)
Start importing Assets/Prefabs/coin.prefab using Guid(a1aaa77bd3aeab54182578045dfdba54) Importer(815301076,1909f56bfc062723c751e8b465ee728b)  -> (artifact id: '72d85cdba9e3030fb79555c66d169596') in 0.076551 seconds
  Import took 0.079369 seconds .

========================================================================
Received Import Request.
  Time since last request: 0.000307 seconds.
  path: Assets/Prefabs/laser.prefab
  artifactKey: Guid(e46ca4f6dcdbb66488f987365c10b899) Importer(815301076,1909f56bfc062723c751e8b465ee728b)
Start importing Assets/Prefabs/laser.prefab using Guid(e46ca4f6dcdbb66488f987365c10b899) Importer(815301076,1909f56bfc062723c751e8b465ee728b)  -> (artifact id: 'd3cfc960ae95a4f40de8d6ccff0d7e30') in 0.013804 seconds
  Import took 0.016450 seconds .

========================================================================
Received Import Request.
  Time since last request: 0.000316 seconds.
  path: Assets/Prefabs/Coins2.prefab
  artifactKey: Guid(7e23e37d8057efa4bbd81c3759d01637) Importer(815301076,1909f56bfc062723c751e8b465ee728b)
Start importing Assets/Prefabs/Coins2.prefab using Guid(7e23e37d8057efa4bbd81c3759d01637) Importer(815301076,1909f56bfc062723c751e8b465ee728b)  -> (artifact id: 'b861b4f4a3aa4562903cef0ec3786c8f') in 0.014587 seconds
  Import took 0.017749 seconds .

========================================================================
Received Import Request.
  Time since last request: 0.000296 seconds.
  path: Assets/Prefabs/Coins3.prefab
  artifactKey: Guid(bb61d03dcb2a9e74a835e986d8702a53) Importer(815301076,1909f56bfc062723c751e8b465ee728b)
Start importing Assets/Prefabs/Coins3.prefab using Guid(bb61d03dcb2a9e74a835e986d8702a53) Importer(815301076,1909f56bfc062723c751e8b465ee728b)  -> (artifact id: '955ce8524b3fa15f4c961f70d24d96ac') in 0.014635 seconds
  Import took 0.017610 seconds .

========================================================================
Received Import Request.
  Time since last request: 0.000293 seconds.
  path: Assets/Prefabs/Coins1.prefab
  artifactKey: Guid(dbe3212645b618b4cba8c8fa2e78ba5b) Importer(815301076,1909f56bfc062723c751e8b465ee728b)
Start importing Assets/Prefabs/Coins1.prefab using Guid(dbe3212645b618b4cba8c8fa2e78ba5b) Importer(815301076,1909f56bfc062723c751e8b465ee728b)  -> (artifact id: '0c45c400b38904693e2d30e61510b257') in 0.013035 seconds
  Import took 0.016448 seconds .

========================================================================
Received Import Request.
  Time since last request: 0.000281 seconds.
  path: Assets/Prefabs/Room1.prefab
  artifactKey: Guid(0874d9d5d0f47d747baa4716f9ed678e) Importer(815301076,1909f56bfc062723c751e8b465ee728b)
Start importing Assets/Prefabs/Room1.prefab using Guid(0874d9d5d0f47d747baa4716f9ed678e) Importer(815301076,1909f56bfc062723c751e8b465ee728b)  -> (artifact id: '22d40764d813f624c50bd3675a12d1d1') in 0.029072 seconds
  Import took 0.032487 seconds .

========================================================================
Received Import Request.
  Time since last request: 0.000235 seconds.
  path: Assets/Prefabs/Room3.prefab
  artifactKey: Guid(c2a325ddab38849498dc432a08b05d33) Importer(815301076,1909f56bfc062723c751e8b465ee728b)
Start importing Assets/Prefabs/Room3.prefab using Guid(c2a325ddab38849498dc432a08b05d33) Importer(815301076,1909f56bfc062723c751e8b465ee728b)  -> (artifact id: '10be4a77a5d7dc47f423ad42cca92b7c') in 0.020354 seconds
  Import took 0.024463 seconds .

========================================================================
Received Import Request.
  Time since last request: 0.000268 seconds.
  path: Assets/Prefabs/Room2.prefab
  artifactKey: Guid(0474db587fbe95449b7fe748c3926e3b) Importer(815301076,1909f56bfc062723c751e8b465ee728b)
Start importing Assets/Prefabs/Room2.prefab using Guid(0474db587fbe95449b7fe748c3926e3b) Importer(815301076,1909f56bfc062723c751e8b465ee728b)  -> (artifact id: 'e444d461bca663d1edba7a0a527c9a52') in 0.018132 seconds
  Import took 0.022323 seconds .

========================================================================
Received Prepare
Registering precompiled user dll's ...
Registered in 0.000998 seconds.
Begin MonoManager ReloadAssembly
Native extension for WindowsStandalone target not found
Refreshing native plugins compatible for Editor in 0.34 ms, found 1 plugins.
Preloading 0 native plugins for Editor in 0.00 ms.
Mono: successfully reloaded assembly
- Completed reload, in  0.877 seconds
Platform modules already initialized, skipping
Refreshing native plugins compatible for Editor in 0.57 ms, found 1 plugins.
Preloading 0 native plugins for Editor in 0.00 ms.
Unloading 1809 Unused Serialized files (Serialized files now loaded: 0)
System memory in use before: 88.4 MB.
System memory in use after: 88.4 MB.

Unloading 12 unused Assets to reduce memory usage. Loaded Objects now: 2269.
Total: 1.916200 ms (FindLiveObjects: 0.166200 ms CreateObjectMapping: 0.067600 ms MarkObjects: 1.586500 ms  DeleteObjects: 0.094600 ms)

========================================================================
Received Import Request.
  Time since last request: 16.471496 seconds.
  path: Assets/Prefabs/Room1.prefab
  artifactKey: Guid(0874d9d5d0f47d747baa4716f9ed678e) Importer(815301076,1909f56bfc062723c751e8b465ee728b)
Start importing Assets/Prefabs/Room1.prefab using Guid(0874d9d5d0f47d747baa4716f9ed678e) Importer(815301076,1909f56bfc062723c751e8b465ee728b)  -> (artifact id: 'e8c3bdb90239b4fa8a99a47a7fb70133') in 0.060940 seconds
  Import took 0.066279 seconds .

========================================================================
Received Import Request.
  Time since last request: 2.794811 seconds.
  path: Assets/Prefabs/Room1.prefab
  artifactKey: Guid(0874d9d5d0f47d747baa4716f9ed678e) Importer(815301076,1909f56bfc062723c751e8b465ee728b)
Start importing Assets/Prefabs/Room1.prefab using Guid(0874d9d5d0f47d747baa4716f9ed678e) Importer(815301076,1909f56bfc062723c751e8b465ee728b)  -> (artifact id: 'aa7470c067d505a59d39b9d0180898be') in 0.028635 seconds
  Import took 0.032309 seconds .

========================================================================
Received Import Request.
  Time since last request: 7.362133 seconds.
  path: Assets/Prefabs/Room2.prefab
  artifactKey: Guid(0474db587fbe95449b7fe748c3926e3b) Importer(815301076,1909f56bfc062723c751e8b465ee728b)
Start importing Assets/Prefabs/Room2.prefab using Guid(0474db587fbe95449b7fe748c3926e3b) Importer(815301076,1909f56bfc062723c751e8b465ee728b)  -> (artifact id: '416ed1a43fe3c691c2c84deb635e5518') in 0.026791 seconds
  Import took 0.030565 seconds .

========================================================================
Received Import Request.
  Time since last request: 7.737496 seconds.
  path: Assets/Prefabs/Room3.prefab
  artifactKey: Guid(c2a325ddab38849498dc432a08b05d33) Importer(815301076,1909f56bfc062723c751e8b465ee728b)
Start importing Assets/Prefabs/Room3.prefab using Guid(c2a325ddab38849498dc432a08b05d33) Importer(815301076,1909f56bfc062723c751e8b465ee728b)  -> (artifact id: '3d6667e7b4eb179e9020f288316e94bf') in 0.023356 seconds
  Import took 0.027056 seconds .

========================================================================
Received Import Request.
  Time since last request: 5.272605 seconds.
  path: Assets/Prefabs/Room3.prefab
  artifactKey: Guid(c2a325ddab38849498dc432a08b05d33) Importer(815301076,1909f56bfc062723c751e8b465ee728b)
Start importing Assets/Prefabs/Room3.prefab using Guid(c2a325ddab38849498dc432a08b05d33) Importer(815301076,1909f56bfc062723c751e8b465ee728b)  -> (artifact id: 'fed55c9226c6c05ca4e9783609f170c1') in 0.027749 seconds
  Import took 0.033197 seconds .

========================================================================
Received Import Request.
  Time since last request: 1.832974 seconds.
  path: Assets/Prefabs/Room3.prefab
  artifactKey: Guid(c2a325ddab38849498dc432a08b05d33) Importer(815301076,1909f56bfc062723c751e8b465ee728b)
Start importing Assets/Prefabs/Room3.prefab using Guid(c2a325ddab38849498dc432a08b05d33) Importer(815301076,1909f56bfc062723c751e8b465ee728b)  -> (artifact id: 'e6d9dc0f5137e3766f387b74a881244b') in 0.018917 seconds
  Import took 0.022533 seconds .

========================================================================
Received Import Request.
  Time since last request: 1.864312 seconds.
  path: Assets/Prefabs/Room3.prefab
  artifactKey: Guid(c2a325ddab38849498dc432a08b05d33) Importer(815301076,1909f56bfc062723c751e8b465ee728b)
Start importing Assets/Prefabs/Room3.prefab using Guid(c2a325ddab38849498dc432a08b05d33) Importer(815301076,1909f56bfc062723c751e8b465ee728b)  -> (artifact id: '9026ae9fdd2fcf5fadb5fdd8128f138c') in 0.017773 seconds
  Import took 0.021629 seconds .

========================================================================
Received Import Request.
  Time since last request: 1.191652 seconds.
  path: Assets/Prefabs/Room3.prefab
  artifactKey: Guid(c2a325ddab38849498dc432a08b05d33) Importer(815301076,1909f56bfc062723c751e8b465ee728b)
Start importing Assets/Prefabs/Room3.prefab using Guid(c2a325ddab38849498dc432a08b05d33) Importer(815301076,1909f56bfc062723c751e8b465ee728b)  -> (artifact id: '40001569121632b084faba38fe8c677f') in 0.017334 seconds
  Import took 0.021021 seconds .

========================================================================
Received Import Request.
  Time since last request: 45.119486 seconds.
  path: Assets/Scripts
  artifactKey: Guid(35f53168c46a28d47bc5244fad257e99) Importer(815301076,1909f56bfc062723c751e8b465ee728b)
Start importing Assets/Scripts using Guid(35f53168c46a28d47bc5244fad257e99) Importer(815301076,1909f56bfc062723c751e8b465ee728b)  -> (artifact id: 'c07fdc1de216f970e75cae46850a6a01') in 0.005453 seconds
  Import took 0.008510 seconds .

========================================================================
Received Import Request.
  Time since last request: 2.159427 seconds.
  path: Assets/Scripts/PlayerController.cs
  artifactKey: Guid(426f990d232012748a147089815db36d) Importer(815301076,1909f56bfc062723c751e8b465ee728b)
Start importing Assets/Scripts/PlayerController.cs using Guid(426f990d232012748a147089815db36d) Importer(815301076,1909f56bfc062723c751e8b465ee728b)  -> (artifact id: '15b025a9f9c597af59d7bb5e60eb7978') in 0.016641 seconds
  Import took 0.021463 seconds .

========================================================================
Received Prepare
Registering precompiled user dll's ...
Registered in 0.000967 seconds.
Begin MonoManager ReloadAssembly
Native extension for WindowsStandalone target not found
Refreshing native plugins compatible for Editor in 0.34 ms, found 1 plugins.
Preloading 0 native plugins for Editor in 0.00 ms.
Mono: successfully reloaded assembly
- Completed reload, in  0.862 seconds
Platform modules already initialized, skipping
Refreshing native plugins compatible for Editor in 0.34 ms, found 1 plugins.
Preloading 0 native plugins for Editor in 0.00 ms.
Unloading 1809 Unused Serialized files (Serialized files now loaded: 0)
System memory in use before: 88.4 MB.
System memory in use after: 88.4 MB.

Unloading 12 unused Assets to reduce memory usage. Loaded Objects now: 2274.
Total: 2.079000 ms (FindLiveObjects: 0.162300 ms CreateObjectMapping: 0.055100 ms MarkObjects: 1.756000 ms  DeleteObjects: 0.104600 ms)

========================================================================
Received Prepare
Registering precompiled user dll's ...
Registered in 0.001007 seconds.
Begin MonoManager ReloadAssembly
Native extension for WindowsStandalone target not found
Refreshing native plugins compatible for Editor in 0.35 ms, found 1 plugins.
Preloading 0 native plugins for Editor in 0.00 ms.
Mono: successfully reloaded assembly
- Completed reload, in  0.884 seconds
Platform modules already initialized, skipping
Refreshing native plugins compatible for Editor in 0.40 ms, found 1 plugins.
Preloading 0 native plugins for Editor in 0.00 ms.
Unloading 1809 Unused Serialized files (Serialized files now loaded: 0)
System memory in use before: 88.4 MB.
System memory in use after: 88.4 MB.

Unloading 12 unused Assets to reduce memory usage. Loaded Objects now: 2278.
Total: 2.000600 ms (FindLiveObjects: 0.167500 ms CreateObjectMapping: 0.063300 ms MarkObjects: 1.667500 ms  DeleteObjects: 0.101100 ms)

========================================================================
Received Import Request.
  Time since last request: 78.090705 seconds.
  path: Assets/Sprites
  artifactKey: Guid(9c19c4c0d6203b74b989e42658c8bec1) Importer(815301076,1909f56bfc062723c751e8b465ee728b)
Start importing Assets/Sprites using Guid(9c19c4c0d6203b74b989e42658c8bec1) Importer(815301076,1909f56bfc062723c751e8b465ee728b)  -> (artifact id: 'c7f53c53c4ad7e0ee5af9a018c1b38c9') in 0.008497 seconds
  Import took 0.013909 seconds .

========================================================================
Received Import Request.
  Time since last request: 0.032255 seconds.
  path: Assets/Sprites/BG_1.png
  artifactKey: Guid(13203e5929321c94fb5aa3214fd7d769) Importer(815301076,1909f56bfc062723c751e8b465ee728b)
Start importing Assets/Sprites/BG_1.png using Guid(13203e5929321c94fb5aa3214fd7d769) Importer(815301076,1909f56bfc062723c751e8b465ee728b)  -> (artifact id: '52d6795f7929d466340f5d81eab89e26') in 0.103149 seconds
  Import took 0.106241 seconds .

========================================================================
Received Import Request.
  Time since last request: 0.000334 seconds.
  path: Assets/Sprites/lever_05_03.png
  artifactKey: Guid(3db532bc88911ce4d83f94ee703a9ae9) Importer(815301076,1909f56bfc062723c751e8b465ee728b)
Start importing Assets/Sprites/lever_05_03.png using Guid(3db532bc88911ce4d83f94ee703a9ae9) Importer(815301076,1909f56bfc062723c751e8b465ee728b)  -> (artifact id: '27ea87aa00d352fa5c27bbba7fd75a1f') in 0.013419 seconds
  Import took 0.017436 seconds .

========================================================================
Received Import Request.
  Time since last request: 0.000320 seconds.
  path: Assets/Sprites/Jetpack_Run.png
  artifactKey: Guid(75c5496a2e8e85e4d9b64b3c1a95ebbf) Importer(815301076,1909f56bfc062723c751e8b465ee728b)
Start importing Assets/Sprites/Jetpack_Run.png using Guid(75c5496a2e8e85e4d9b64b3c1a95ebbf) Importer(815301076,1909f56bfc062723c751e8b465ee728b)  -> (artifact id: '06aa694abf82aa532c27ac9b43f2dcd4') in 0.059301 seconds
  Import took 0.064446 seconds .

========================================================================
Received Import Request.
  Time since last request: 0.000292 seconds.
  path: Assets/Sprites/Jetpack_Die.png
  artifactKey: Guid(0db8c23f67a87a64495ab4723acbb942) Importer(815301076,1909f56bfc062723c751e8b465ee728b)
Start importing Assets/Sprites/Jetpack_Die.png using Guid(0db8c23f67a87a64495ab4723acbb942) Importer(815301076,1909f56bfc062723c751e8b465ee728b)  -> (artifact id: 'e2cadfe12b4183c456af04aa38c6400f') in 0.035374 seconds
  Import took 0.038413 seconds .

========================================================================
Received Import Request.
  Time since last request: 0.000270 seconds.
  path: Assets/Sprites/BG_3.png
  artifactKey: Guid(472387cba6fd0fe4c85670e6d067d85e) Importer(815301076,1909f56bfc062723c751e8b465ee728b)
Start importing Assets/Sprites/BG_3.png using Guid(472387cba6fd0fe4c85670e6d067d85e) Importer(815301076,1909f56bfc062723c751e8b465ee728b)  -> (artifact id: 'ffa956783c88b04c2e3b7227f180dfca') in 0.015013 seconds
  Import took 0.017695 seconds .

========================================================================
Received Import Request.
  Time since last request: 0.000293 seconds.
  path: Assets/Sprites/WoodBox.png
  artifactKey: Guid(07829d467e78b6a41bdc4172da9a0901) Importer(815301076,1909f56bfc062723c751e8b465ee728b)
Start importing Assets/Sprites/WoodBox.png using Guid(07829d467e78b6a41bdc4172da9a0901) Importer(815301076,1909f56bfc062723c751e8b465ee728b)  -> (artifact id: '11ee364536805f1f6d87fa3698b4741b') in 0.016316 seconds
  Import took 0.019356 seconds .

========================================================================
Received Import Request.
  Time since last request: 0.000295 seconds.
  path: Assets/Sprites/lever_04_01.png
  artifactKey: Guid(00b48ffc8ea051b4fb37588bff45927d) Importer(815301076,1909f56bfc062723c751e8b465ee728b)
Start importing Assets/Sprites/lever_04_01.png using Guid(00b48ffc8ea051b4fb37588bff45927d) Importer(815301076,1909f56bfc062723c751e8b465ee728b)  -> (artifact id: '955624279294f243f5cbc8c9f8c6c4d5') in 0.015626 seconds
  Import took 0.018721 seconds .

========================================================================
Received Import Request.
  Time since last request: 0.000302 seconds.
  path: Assets/Sprites/Jetpack_FallDie.png
  artifactKey: Guid(d61260bf1876bbe4bb0b7303ea41a636) Importer(815301076,1909f56bfc062723c751e8b465ee728b)
Start importing Assets/Sprites/Jetpack_FallDie.png using Guid(d61260bf1876bbe4bb0b7303ea41a636) Importer(815301076,1909f56bfc062723c751e8b465ee728b)  -> (artifact id: '780e7222133e4a26d9a5cb7a02a389fb') in 0.029902 seconds
  Import took 0.033253 seconds .

========================================================================
Received Import Request.
  Time since last request: 0.000242 seconds.
  path: Assets/Sprites/BG_5.png
  artifactKey: Guid(1141f8af88e3b374b964893532324e7f) Importer(815301076,1909f56bfc062723c751e8b465ee728b)
Start importing Assets/Sprites/BG_5.png using Guid(1141f8af88e3b374b964893532324e7f) Importer(815301076,1909f56bfc062723c751e8b465ee728b)  -> (artifact id: '01200217409c444859e7390ad08d411b') in 0.014731 seconds
  Import took 0.017636 seconds .

========================================================================
Received Import Request.
  Time since last request: 0.000303 seconds.
  path: Assets/Sprites/laser_off.png
  artifactKey: Guid(1409c3d5cc6f9934ca5e4b77c20f33ac) Importer(815301076,1909f56bfc062723c751e8b465ee728b)
Start importing Assets/Sprites/laser_off.png using Guid(1409c3d5cc6f9934ca5e4b77c20f33ac) Importer(815301076,1909f56bfc062723c751e8b465ee728b)  -> (artifact id: '40c55a6870807ab9eee82dd6053add44') in 0.013321 seconds
  Import took 0.016245 seconds .

========================================================================
Received Import Request.
  Time since last request: 0.000241 seconds.
  path: Assets/Sprites/lever_01_02.png
  artifactKey: Guid(bba2ca838e18d4648b2a8f8656989673) Importer(815301076,1909f56bfc062723c751e8b465ee728b)
Start importing Assets/Sprites/lever_01_02.png using Guid(bba2ca838e18d4648b2a8f8656989673) Importer(815301076,1909f56bfc062723c751e8b465ee728b)  -> (artifact id: '86605f52a74b36331874392711aea59c') in 0.015581 seconds
  Import took 0.018666 seconds .

========================================================================
Received Import Request.
  Time since last request: 0.000389 seconds.
  path: Assets/Sprites/laser_on.png
  artifactKey: Guid(4e12915fc65cb5c4fb6f8b7e735789ec) Importer(815301076,1909f56bfc062723c751e8b465ee728b)
Start importing Assets/Sprites/laser_on.png using Guid(4e12915fc65cb5c4fb6f8b7e735789ec) Importer(815301076,1909f56bfc062723c751e8b465ee728b)  -> (artifact id: 'a6ba2b28ef9f7c63334de925a4b977f6') in 0.013354 seconds
  Import took 0.018071 seconds .

========================================================================
Received Import Request.
  Time since last request: 0.000300 seconds.
  path: Assets/Sprites/Jetpack_fly.png
  artifactKey: Guid(cbe8ebae81f4d1f41bbe5dd5646f9b37) Importer(815301076,1909f56bfc062723c751e8b465ee728b)
Start importing Assets/Sprites/Jetpack_fly.png using Guid(cbe8ebae81f4d1f41bbe5dd5646f9b37) Importer(815301076,1909f56bfc062723c751e8b465ee728b)  -> (artifact id: 'a94dcaf699d78c7a9fe02db9e11d6d59') in 0.017791 seconds
  Import took 0.021465 seconds .

========================================================================
Received Import Request.
  Time since last request: 0.000254 seconds.
  path: Assets/Sprites/BG_2.png
  artifactKey: Guid(d066fd84ad1a8cd40992197089709999) Importer(815301076,1909f56bfc062723c751e8b465ee728b)
Start importing Assets/Sprites/BG_2.png using Guid(d066fd84ad1a8cd40992197089709999) Importer(815301076,1909f56bfc062723c751e8b465ee728b)  -> (artifact id: '3107783ba30974b89a74f656d09fb9fd') in 0.016002 seconds
  Import took 0.019287 seconds .

========================================================================
Received Import Request.
  Time since last request: 0.000238 seconds.
  path: Assets/Sprites/BG_4.png
  artifactKey: Guid(f1e28303f3b8f9c44918c42b676c660a) Importer(815301076,1909f56bfc062723c751e8b465ee728b)
Start importing Assets/Sprites/BG_4.png using Guid(f1e28303f3b8f9c44918c42b676c660a) Importer(815301076,1909f56bfc062723c751e8b465ee728b)  -> (artifact id: '81130d66a50c2e60ea2d87ef18257c1c') in 0.016112 seconds
  Import took 0.018958 seconds .

========================================================================
Received Import Request.
  Time since last request: 0.000254 seconds.
  path: Assets/Sprites/lever_03_01.png
  artifactKey: Guid(39b6a92b61e4e2c4cab34ac549d7071c) Importer(815301076,1909f56bfc062723c751e8b465ee728b)
Start importing Assets/Sprites/lever_03_01.png using Guid(39b6a92b61e4e2c4cab34ac549d7071c) Importer(815301076,1909f56bfc062723c751e8b465ee728b)  -> (artifact id: 'd27464d29db0c61fbf7692634c8ebed4') in 0.016702 seconds
  Import took 0.020068 seconds .

========================================================================
Received Import Request.
  Time since last request: 0.000327 seconds.
  path: Assets/Sprites/coin.png
  artifactKey: Guid(9cf09b31e95844a4d931fa6b2b9a61f9) Importer(815301076,1909f56bfc062723c751e8b465ee728b)
Start importing Assets/Sprites/coin.png using Guid(9cf09b31e95844a4d931fa6b2b9a61f9) Importer(815301076,1909f56bfc062723c751e8b465ee728b)  -> (artifact id: 'd6a9abd61bf18ebb8d963e2a0be4b6f3') in 0.012466 seconds
  Import took 0.016641 seconds .

========================================================================
Received Prepare
Registering precompiled user dll's ...
Registered in 0.001060 seconds.
Begin MonoManager ReloadAssembly
Native extension for WindowsStandalone target not found
Refreshing native plugins compatible for Editor in 0.36 ms, found 1 plugins.
Preloading 0 native plugins for Editor in 0.00 ms.
Mono: successfully reloaded assembly
- Completed reload, in  0.882 seconds
Platform modules already initialized, skipping
Refreshing native plugins compatible for Editor in 0.37 ms, found 1 plugins.
Preloading 0 native plugins for Editor in 0.00 ms.
Unloading 1809 Unused Serialized files (Serialized files now loaded: 0)
System memory in use before: 88.5 MB.
System memory in use after: 88.5 MB.

Unloading 12 unused Assets to reduce memory usage. Loaded Objects now: 2330.
Total: 2.098200 ms (FindLiveObjects: 0.189100 ms CreateObjectMapping: 0.064900 ms MarkObjects: 1.746600 ms  DeleteObjects: 0.096600 ms)

========================================================================
Received Import Request.
  Time since last request: 12.755960 seconds.
  path: Assets/Prefabs/Room3.prefab
  artifactKey: Guid(c2a325ddab38849498dc432a08b05d33) Importer(815301076,1909f56bfc062723c751e8b465ee728b)
Start importing Assets/Prefabs/Room3.prefab using Guid(c2a325ddab38849498dc432a08b05d33) Importer(815301076,1909f56bfc062723c751e8b465ee728b)  -> (artifact id: '492ad92ae1d8908853e70149d8b8d7e8') in 0.060337 seconds
  Import took 0.063638 seconds .

========================================================================
Received Import Request.
  Time since last request: 3.062241 seconds.
  path: Assets/Prefabs/Room2.prefab
  artifactKey: Guid(0474db587fbe95449b7fe748c3926e3b) Importer(815301076,1909f56bfc062723c751e8b465ee728b)
Start importing Assets/Prefabs/Room2.prefab using Guid(0474db587fbe95449b7fe748c3926e3b) Importer(815301076,1909f56bfc062723c751e8b465ee728b)  -> (artifact id: '325fd5a10eabd229732464908151c64b') in 0.020969 seconds
  Import took 0.025221 seconds .

========================================================================
Received Import Request.
  Time since last request: 1.177607 seconds.
  path: Assets/Prefabs/Room2.prefab
  artifactKey: Guid(0474db587fbe95449b7fe748c3926e3b) Importer(815301076,1909f56bfc062723c751e8b465ee728b)
Start importing Assets/Prefabs/Room2.prefab using Guid(0474db587fbe95449b7fe748c3926e3b) Importer(815301076,1909f56bfc062723c751e8b465ee728b)  -> (artifact id: '71c5c662114c0022dac107e69bdf935d') in 0.017486 seconds
  Import took 0.021425 seconds .

========================================================================
Received Import Request.
  Time since last request: 3.216614 seconds.
  path: Assets/Prefabs/Room1.prefab
  artifactKey: Guid(0874d9d5d0f47d747baa4716f9ed678e) Importer(815301076,1909f56bfc062723c751e8b465ee728b)
Start importing Assets/Prefabs/Room1.prefab using Guid(0874d9d5d0f47d747baa4716f9ed678e) Importer(815301076,1909f56bfc062723c751e8b465ee728b)  -> (artifact id: 'e15a4b157238874b7e1b193a30e80f71') in 0.018075 seconds
  Import took 0.021891 seconds .

========================================================================
Received Import Request.
  Time since last request: 1.180506 seconds.
  path: Assets/Prefabs/Room1.prefab
  artifactKey: Guid(0874d9d5d0f47d747baa4716f9ed678e) Importer(815301076,1909f56bfc062723c751e8b465ee728b)
Start importing Assets/Prefabs/Room1.prefab using Guid(0874d9d5d0f47d747baa4716f9ed678e) Importer(815301076,1909f56bfc062723c751e8b465ee728b)  -> (artifact id: '8405e2322be57b9ec05d414d87f4deb9') in 0.019277 seconds
  Import took 0.023829 seconds .

========================================================================
Received Prepare
Registering precompiled user dll's ...
Registered in 0.000961 seconds.
Begin MonoManager ReloadAssembly
Native extension for WindowsStandalone target not found
Refreshing native plugins compatible for Editor in 0.35 ms, found 1 plugins.
Preloading 0 native plugins for Editor in 0.00 ms.
Mono: successfully reloaded assembly
- Completed reload, in  0.845 seconds
Platform modules already initialized, skipping
Refreshing native plugins compatible for Editor in 0.35 ms, found 1 plugins.
Preloading 0 native plugins for Editor in 0.00 ms.
Unloading 1809 Unused Serialized files (Serialized files now loaded: 0)
System memory in use before: 88.6 MB.
System memory in use after: 88.6 MB.

Unloading 12 unused Assets to reduce memory usage. Loaded Objects now: 2335.
Total: 2.374600 ms (FindLiveObjects: 0.234300 ms CreateObjectMapping: 0.081500 ms MarkObjects: 1.831600 ms  DeleteObjects: 0.226100 ms)

========================================================================
Received Prepare
Registering precompiled user dll's ...
Registered in 0.001310 seconds.
Begin MonoManager ReloadAssembly
Native extension for WindowsStandalone target not found
Refreshing native plugins compatible for Editor in 0.39 ms, found 1 plugins.
Preloading 0 native plugins for Editor in 0.00 ms.
Mono: successfully reloaded assembly
- Completed reload, in  0.865 seconds
Platform modules already initialized, skipping
Refreshing native plugins compatible for Editor in 0.34 ms, found 1 plugins.
Preloading 0 native plugins for Editor in 0.00 ms.
Unloading 1809 Unused Serialized files (Serialized files now loaded: 0)
System memory in use before: 88.6 MB.
System memory in use after: 88.6 MB.

Unloading 12 unused Assets to reduce memory usage. Loaded Objects now: 2339.
Total: 2.034400 ms (FindLiveObjects: 0.182500 ms CreateObjectMapping: 0.067400 ms MarkObjects: 1.672800 ms  DeleteObjects: 0.110500 ms)

AssetImportWorkerClient::OnTransportError - code=2 error=End of file
